<?xml version="1.0" encoding="UTF-8"?>
<testng-results ignored="0" total="1" passed="0" failed="1" skipped="0">
  <reporter-output>
    <line>
      <![CDATA[Launching browser]]>
    </line>
    <line>
      <![CDATA[clicking my account ]]>
    </line>
    <line>
      <![CDATA[click login page]]>
    </line>
    <line>
      <![CDATA[clicking sign in button]]>
    </line>
    <line>
      <![CDATA[entering mobile number]]>
    </line>
    <line>
      <![CDATA[clicking signin with password]]>
    </line>
    <line>
      <![CDATA[entering password]]>
    </line>
    <line>
      <![CDATA[clicking sign in button]]>
    </line>
    <line>
      <![CDATA[clicking my account]]>
    </line>
    <line>
      <![CDATA[clicking my profile]]>
    </line>
    <line>
      <![CDATA[Tc excution is started for TcvalidateUserName1]]>
    </line>
    <line>
      <![CDATA[validate username]]>
    </line>
    <line>
      <![CDATA[taking screenshot]]>
    </line>
    <line>
      <![CDATA[logout browser]]>
    </line>
    <line>
      <![CDATA[close browser]]>
    </line>
  </reporter-output>
  <suite started-at="2023-07-10T20:39:39 IST" name="Suite" finished-at="2023-07-10T20:41:54 IST" duration-ms="134810">
    <groups>
    </groups>
    <test started-at="2023-07-10T20:39:39 IST" name="Test" finished-at="2023-07-10T20:41:54 IST" duration-ms="134810">
      <class name="test.PolicyBazzar">
        <test-method is-config="true" signature="launchbrowser()[pri:0, instance:test.PolicyBazzar@6e9a5ed8]" started-at="2023-07-10T20:39:39 IST" name="launchbrowser" finished-at="2023-07-10T20:40:40 IST" duration-ms="60488" status="PASS">
          <reporter-output>
            <line>
              <![CDATA[Launching browser]]>
            </line>
            <line>
              <![CDATA[clicking my account ]]>
            </line>
            <line>
              <![CDATA[click login page]]>
            </line>
          </reporter-output>
        </test-method> <!-- launchbrowser -->
        <test-method is-config="true" signature="SigninPolicyBazar()[pri:0, instance:test.PolicyBazzar@6e9a5ed8]" started-at="2023-07-10T20:40:40 IST" name="SigninPolicyBazar" finished-at="2023-07-10T20:41:33 IST" duration-ms="52859" status="PASS">
          <reporter-output>
            <line>
              <![CDATA[clicking sign in button]]>
            </line>
            <line>
              <![CDATA[entering mobile number]]>
            </line>
            <line>
              <![CDATA[clicking signin with password]]>
            </line>
            <line>
              <![CDATA[entering password]]>
            </line>
            <line>
              <![CDATA[clicking sign in button]]>
            </line>
            <line>
              <![CDATA[clicking my account]]>
            </line>
            <line>
              <![CDATA[clicking my profile]]>
            </line>
          </reporter-output>
        </test-method> <!-- SigninPolicyBazar -->
        <test-method signature="validateUserName1()[pri:0, instance:test.PolicyBazzar@6e9a5ed8]" started-at="2023-07-10T20:41:33 IST" name="validateUserName1" finished-at="2023-07-10T20:41:44 IST" duration-ms="11263" status="FAIL">
          <exception class="org.openqa.selenium.NoSuchElementException">
            <message>
              <![CDATA[no such element: Unable to locate element: {"method":"xpath","selector":"//div[@class='textCapitalize sc-ckVGcZ kWpXlQ']"}
  (Session info: chrome=114.0.5735.199)
For documentation on this error, please visit: https://selenium.dev/exceptions/#no_such_element
Build info: version: '4.9.1', revision: 'eb2032df7f'
System info: os.name: 'Windows 10', os.arch: 'amd64', os.version: '10.0', java.version: '17.0.6'
Driver info: org.openqa.selenium.chrome.ChromeDriver
Command: [69bf30aaa0d8e8cf734f5db2ff762f40, findElement {using=xpath, value=//div[@class='textCapitalize sc-ckVGcZ kWpXlQ']}]
Capabilities {acceptInsecureCerts: false, browserName: chrome, browserVersion: 114.0.5735.199, chrome: {chromedriverVersion: 114.0.5735.90 (386bc09e8f4f..., userDataDir: C:\Users\lenovo\AppData\Loc...}, goog:chromeOptions: {debuggerAddress: localhost:55025}, networkConnectionEnabled: false, pageLoadStrategy: normal, platformName: windows, proxy: Proxy(), se:cdp: ws://localhost:55025/devtoo..., se:cdpVersion: 114.0.5735.199, setWindowRect: true, strictFileInteractability: false, timeouts: {implicit: 0, pageLoad: 300000, script: 30000}, unhandledPromptBehavior: dismiss and notify, webauthn:extension:credBlob: true, webauthn:extension:largeBlob: true, webauthn:extension:minPinLength: true, webauthn:extension:prf: true, webauthn:virtualAuthenticators: true}
Session ID: 69bf30aaa0d8e8cf734f5db2ff762f40]]>
            </message>
            <full-stacktrace>
              <![CDATA[org.openqa.selenium.NoSuchElementException: no such element: Unable to locate element: {"method":"xpath","selector":"//div[@class='textCapitalize sc-ckVGcZ kWpXlQ']"}
  (Session info: chrome=114.0.5735.199)
For documentation on this error, please visit: https://selenium.dev/exceptions/#no_such_element
Build info: version: '4.9.1', revision: 'eb2032df7f'
System info: os.name: 'Windows 10', os.arch: 'amd64', os.version: '10.0', java.version: '17.0.6'
Driver info: org.openqa.selenium.chrome.ChromeDriver
Command: [69bf30aaa0d8e8cf734f5db2ff762f40, findElement {using=xpath, value=//div[@class='textCapitalize sc-ckVGcZ kWpXlQ']}]
Capabilities {acceptInsecureCerts: false, browserName: chrome, browserVersion: 114.0.5735.199, chrome: {chromedriverVersion: 114.0.5735.90 (386bc09e8f4f..., userDataDir: C:\Users\lenovo\AppData\Loc...}, goog:chromeOptions: {debuggerAddress: localhost:55025}, networkConnectionEnabled: false, pageLoadStrategy: normal, platformName: windows, proxy: Proxy(), se:cdp: ws://localhost:55025/devtoo..., se:cdpVersion: 114.0.5735.199, setWindowRect: true, strictFileInteractability: false, timeouts: {implicit: 0, pageLoad: 300000, script: 30000}, unhandledPromptBehavior: dismiss and notify, webauthn:extension:credBlob: true, webauthn:extension:largeBlob: true, webauthn:extension:minPinLength: true, webauthn:extension:prf: true, webauthn:virtualAuthenticators: true}
Session ID: 69bf30aaa0d8e8cf734f5db2ff762f40
at java.base/jdk.internal.reflect.NativeConstructorAccessorImpl.newInstance0(Native Method)
at java.base/jdk.internal.reflect.NativeConstructorAccessorImpl.newInstance(NativeConstructorAccessorImpl.java:77)
at java.base/jdk.internal.reflect.DelegatingConstructorAccessorImpl.newInstance(DelegatingConstructorAccessorImpl.java:45)
at java.base/java.lang.reflect.Constructor.newInstanceWithCaller(Constructor.java:499)
at java.base/java.lang.reflect.Constructor.newInstance(Constructor.java:480)
at org.openqa.selenium.remote.codec.w3c.W3CHttpResponseCodec.createException(W3CHttpResponseCodec.java:200)
at org.openqa.selenium.remote.codec.w3c.W3CHttpResponseCodec.decode(W3CHttpResponseCodec.java:133)
at org.openqa.selenium.remote.codec.w3c.W3CHttpResponseCodec.decode(W3CHttpResponseCodec.java:53)
at org.openqa.selenium.remote.HttpCommandExecutor.execute(HttpCommandExecutor.java:193)
at org.openqa.selenium.remote.service.DriverCommandExecutor.invokeExecute(DriverCommandExecutor.java:183)
at org.openqa.selenium.remote.service.DriverCommandExecutor.execute(DriverCommandExecutor.java:158)
at org.openqa.selenium.remote.RemoteWebDriver.execute(RemoteWebDriver.java:543)
at org.openqa.selenium.remote.ElementLocation$ElementFinder$2.findElement(ElementLocation.java:162)
at org.openqa.selenium.remote.ElementLocation.findElement(ElementLocation.java:60)
at org.openqa.selenium.remote.RemoteWebDriver.findElement(RemoteWebDriver.java:352)
at org.openqa.selenium.remote.RemoteWebDriver.findElement(RemoteWebDriver.java:344)
at org.openqa.selenium.support.pagefactory.DefaultElementLocator.findElement(DefaultElementLocator.java:70)
at org.openqa.selenium.support.pagefactory.internal.LocatingElementHandler.invoke(LocatingElementHandler.java:39)
at jdk.proxy2/jdk.proxy2.$Proxy18.getText(Unknown Source)
at pom.MyAccount.validateUsername(MyAccount.java:29)
at test.PolicyBazzar.validateUserName1(PolicyBazzar.java:70)
at java.base/jdk.internal.reflect.NativeMethodAccessorImpl.invoke0(Native Method)
at java.base/jdk.internal.reflect.NativeMethodAccessorImpl.invoke(NativeMethodAccessorImpl.java:77)
at java.base/jdk.internal.reflect.DelegatingMethodAccessorImpl.invoke(DelegatingMethodAccessorImpl.java:43)
at java.base/java.lang.reflect.Method.invoke(Method.java:568)
at org.testng.internal.invokers.MethodInvocationHelper.invokeMethod(MethodInvocationHelper.java:139)
at org.testng.internal.invokers.TestInvoker.invokeMethod(TestInvoker.java:664)
at org.testng.internal.invokers.TestInvoker.invokeTestMethod(TestInvoker.java:227)
at org.testng.internal.invokers.MethodRunner.runInSequence(MethodRunner.java:50)
at org.testng.internal.invokers.TestInvoker$MethodInvocationAgent.invoke(TestInvoker.java:957)
at org.testng.internal.invokers.TestInvoker.invokeTestMethods(TestInvoker.java:200)
at org.testng.internal.invokers.TestMethodWorker.invokeTestMethods(TestMethodWorker.java:148)
at org.testng.internal.invokers.TestMethodWorker.run(TestMethodWorker.java:128)
at java.base/java.util.ArrayList.forEach(ArrayList.java:1511)
at org.testng.TestRunner.privateRun(TestRunner.java:848)
at org.testng.TestRunner.run(TestRunner.java:621)
at org.testng.SuiteRunner.runTest(SuiteRunner.java:443)
at org.testng.SuiteRunner.runSequentially(SuiteRunner.java:437)
at org.testng.SuiteRunner.privateRun(SuiteRunner.java:397)
at org.testng.SuiteRunner.run(SuiteRunner.java:336)
at org.testng.SuiteRunnerWorker.runSuite(SuiteRunnerWorker.java:52)
at org.testng.SuiteRunnerWorker.run(SuiteRunnerWorker.java:95)
at org.testng.TestNG.runSuitesSequentially(TestNG.java:1280)
at org.testng.TestNG.runSuitesLocally(TestNG.java:1200)
at org.testng.TestNG.runSuites(TestNG.java:1114)
at org.testng.TestNG.run(TestNG.java:1082)
at org.testng.remote.AbstractRemoteTestNG.run(AbstractRemoteTestNG.java:115)
at org.testng.remote.RemoteTestNG.initAndRun(RemoteTestNG.java:251)
at org.testng.remote.RemoteTestNG.main(RemoteTestNG.java:77)
]]>
            </full-stacktrace>
          </exception> <!-- org.openqa.selenium.NoSuchElementException -->
          <reporter-output>
            <line>
              <![CDATA[Tc excution is started for TcvalidateUserName1]]>
            </line>
            <line>
              <![CDATA[validate username]]>
            </line>
            <line>
              <![CDATA[taking screenshot]]>
            </line>
          </reporter-output>
        </test-method> <!-- validateUserName1 -->
        <test-method is-config="true" signature="logoutPolicyBazar()[pri:0, instance:test.PolicyBazzar@6e9a5ed8]" started-at="2023-07-10T20:41:44 IST" name="logoutPolicyBazar" finished-at="2023-07-10T20:41:53 IST" duration-ms="8673" status="PASS">
          <reporter-output>
            <line>
              <![CDATA[logout browser]]>
            </line>
          </reporter-output>
        </test-method> <!-- logoutPolicyBazar -->
        <test-method is-config="true" signature="closebrowser()[pri:0, instance:test.PolicyBazzar@6e9a5ed8]" started-at="2023-07-10T20:41:53 IST" name="closebrowser" finished-at="2023-07-10T20:41:54 IST" duration-ms="973" status="PASS">
          <reporter-output>
            <line>
              <![CDATA[close browser]]>
            </line>
          </reporter-output>
        </test-method> <!-- closebrowser -->
      </class> <!-- test.PolicyBazzar -->
    </test> <!-- Test -->
  </suite> <!-- Suite -->
</testng-results>
